This is pdfTeX, Version 3.14159265-2.6-1.40.16 (TeX Live 2015) (preloaded format=pdflatex 2015.11.22)  27 NOV 2016 19:31
entering extended mode
 restricted \write18 enabled.
 file:line:error style messages enabled.
 %&-line parsing enabled.
**"Guide de l'utilisateur de EjsS.tex"
(./Guide de l'utilisateur de EjsS.tex
LaTeX2e <2015/01/01>
Babel <3.9l> and hyphenation patterns for 79 languages loaded.
(./flwide10.cls
Document Class: flwide10 2003/007/28 v1.0 Princeton University Press class
(/usr/local/texlive/2015/texmf-dist/tex/latex/amscls/amsthm.sty
Package: amsthm 2015/03/04 v2.20.2
\thm@style=\toks14
\thm@bodyfont=\toks15
\thm@headfont=\toks16
\thm@notefont=\toks17
\thm@headpunct=\toks18
\thm@preskip=\skip41
\thm@postskip=\skip42
\thm@headsep=\skip43
\dth@everypar=\toks19
)
\chapterdrop=\skip44
\schapterdrop=\skip45
\partdrop=\skip46
\c@part=\count79
\c@chapter=\count80
\c@section=\count81
\c@subsection=\count82
\c@subsubsection=\count83
\c@paragraph=\count84
\c@subparagraph=\count85
\c@figure=\count86
\c@table=\count87
\abovecaptionskip=\skip47
\belowcaptionskip=\skip48
\bibindent=\dimen102

(/usr/local/texlive/2015/texmf-dist/tex/latex/tools/multicol.sty
Package: multicol 2015/03/31 v1.8m multicolumn formatting (FMi)
\c@tracingmulticols=\count88
\mult@box=\box26
\multicol@leftmargin=\dimen103
\c@unbalance=\count89
\c@collectmore=\count90
\doublecol@number=\count91
\multicoltolerance=\count92
\multicolpretolerance=\count93
\full@width=\dimen104
\page@free=\dimen105
\premulticols=\dimen106
\postmulticols=\dimen107
\multicolsep=\skip49
\multicolbaselineskip=\skip50
\partial@page=\box27
\last@line=\box28
\maxbalancingoverflow=\dimen108
\mult@rightbox=\box29
\mult@grightbox=\box30
\mult@gfirstbox=\box31
\mult@firstbox=\box32
\@tempa=\box33
\@tempa=\box34
\@tempa=\box35
\@tempa=\box36
\@tempa=\box37
\@tempa=\box38
\@tempa=\box39
\@tempa=\box40
\@tempa=\box41
\@tempa=\box42
\@tempa=\box43
\@tempa=\box44
\@tempa=\box45
\@tempa=\box46
\@tempa=\box47
\@tempa=\box48
\@tempa=\box49
\c@columnbadness=\count94
\c@finalcolumnbadness=\count95
\last@try=\dimen109
\multicolovershoot=\dimen110
\multicolundershoot=\dimen111
\mult@nat@firstbox=\box50
\colbreak@box=\box51
\mc@col@check@num=\count96
)
\c@NumList=\count97
\NumWidth=\skip51
\c@theorem=\count98
\c@example=\count99
\c@theo=\count100
)
(/usr/local/texlive/2015/texmf-dist/tex/latex/base/inputenc.sty
Package: inputenc 2015/03/17 v1.2c Input encoding file
\inpenc@prehook=\toks20
\inpenc@posthook=\toks21

(/usr/local/texlive/2015/texmf-dist/tex/latex/base/latin1.def
File: latin1.def 2015/03/17 v1.2c Input encoding file
))
(/usr/local/texlive/2015/texmf-dist/tex/latex/aeguill/aeguill.sty
Package: aeguill 2003/08/02 1.02 AE fonts with french guillemets (D. Roegel)

(/usr/local/texlive/2015/texmf-dist/tex/latex/ae/ae.sty
Package: ae 2001/02/12 1.3 Almost European Computer Modern

(/usr/local/texlive/2015/texmf-dist/tex/latex/base/fontenc.sty
Package: fontenc 2005/09/27 v1.99g Standard LaTeX package

(/usr/local/texlive/2015/texmf-dist/tex/latex/base/t1enc.def
File: t1enc.def 2005/09/27 v1.99g Standard LaTeX file
LaTeX Font Info:    Redeclaring font encoding T1 on input line 48.
)
LaTeX Font Info:    Try loading font information for T1+aer on input line 105.

(/usr/local/texlive/2015/texmf-dist/tex/latex/ae/t1aer.fd
File: t1aer.fd 1997/11/16 Font definitions for T1/aer.
)))
(/usr/local/texlive/2015/texmf-dist/tex/latex/base/fontenc.sty
Package: fontenc 2005/09/27 v1.99g Standard LaTeX package

(/usr/local/texlive/2015/texmf-dist/tex/latex/cyrillic/ot2enc.def
File: ot2enc.def 2001/08/11 v3.3a Cyrillic encoding definition file
)
(/usr/local/texlive/2015/texmf-dist/tex/latex/base/t1enc.def
File: t1enc.def 2005/09/27 v1.99g Standard LaTeX file
LaTeX Font Info:    Redeclaring font encoding T1 on input line 48.
)))
(/usr/local/texlive/2015/texmf-dist/tex/generic/babel/babel.sty
Package: babel 2014/09/25 3.9l The Babel package

(/usr/local/texlive/2015/texmf-dist/tex/generic/babel-french/frenchb.ldf
Language: frenchb 2015/04/10 v3.1e French support from the babel system

(/usr/local/texlive/2015/texmf-dist/tex/generic/babel/babel.def
File: babel.def 2014/09/25 3.9l Babel common definitions
\babel@savecnt=\count101
\U@D=\dimen112
)
\l@acadian = a dialect from \language\l@french 
\l@canadien = a dialect from \language\l@french 
\FBcolonskip=\skip52
\FBthinskip=\skip53
\FB@interchartokenstateORI=\count102
Package babel Info: Making : an active character on input line 371.
Package babel Info: Making ; an active character on input line 372.
Package babel Info: Making ! an active character on input line 373.
Package babel Info: Making ? an active character on input line 374.
\FBguillskip=\skip54
\FBguill@level=\count103
\FB@Mht=\dimen113
\std@mcc=\count104
\dec@mcc=\count105
\listindentFB=\skip55
\labelwidthFB=\skip56
\leftmarginFB=\skip57
\parindentFFN=\dimen114
))
(/usr/local/texlive/2015/texmf-dist/tex/latex/carlisle/scalefnt.sty)
(/usr/local/texlive/2015/texmf-dist/tex/latex/graphics/keyval.sty
Package: keyval 2014/10/28 v1.15 key=value parser (DPC)
\KV@toks@=\toks22
)
(/usr/local/texlive/2015/texmf-dist/tex/latex/tools/bm.sty
Package: bm 2014/10/28 v1.1c Bold Symbol Support (DPC/FMi)
\symboldoperators=\mathgroup4
\symboldletters=\mathgroup5
\symboldsymbols=\mathgroup6
LaTeX Font Info:    Redeclaring math alphabet \mathbf on input line 141.
LaTeX Info: Redefining \bm on input line 207.
)
(/usr/local/texlive/2015/texmf-dist/tex/latex/graphics/epsfig.sty
Package: epsfig 1999/02/16 v1.7a (e)psfig emulation (SPQR)

(/usr/local/texlive/2015/texmf-dist/tex/latex/graphics/graphicx.sty
Package: graphicx 2014/10/28 v1.0g Enhanced LaTeX Graphics (DPC,SPQR)

(/usr/local/texlive/2015/texmf-dist/tex/latex/graphics/graphics.sty
Package: graphics 2014/10/28 v1.0p Standard LaTeX Graphics (DPC,SPQR)

(/usr/local/texlive/2015/texmf-dist/tex/latex/graphics/trig.sty
Package: trig 1999/03/16 v1.09 sin cos tan (DPC)
)
(/usr/local/texlive/2015/texmf-dist/tex/latex/latexconfig/graphics.cfg
File: graphics.cfg 2010/04/23 v1.9 graphics configuration of TeX Live
)
Package graphics Info: Driver file: pdftex.def on input line 94.

(/usr/local/texlive/2015/texmf-dist/tex/latex/pdftex-def/pdftex.def
File: pdftex.def 2011/05/27 v0.06d Graphics/color for pdfTeX

(/usr/local/texlive/2015/texmf-dist/tex/generic/oberdiek/infwarerr.sty
Package: infwarerr 2010/04/08 v1.3 Providing info/warning/error messages (HO)
)
(/usr/local/texlive/2015/texmf-dist/tex/generic/oberdiek/ltxcmds.sty
Package: ltxcmds 2011/11/09 v1.22 LaTeX kernel commands for general use (HO)
)
\Gread@gobject=\count106
))
\Gin@req@height=\dimen115
\Gin@req@width=\dimen116
)
\epsfxsize=\dimen117
\epsfysize=\dimen118
)
(/usr/local/texlive/2015/texmf-dist/tex/latex/base/latexsym.sty
Package: latexsym 1998/08/17 v2.2e Standard LaTeX package (lasy symbols)
\symlasy=\mathgroup7
LaTeX Font Info:    Overwriting symbol font `lasy' in version `bold'
(Font)                  U/lasy/m/n --> U/lasy/b/n on input line 52.
)
(/usr/local/texlive/2015/texmf-dist/tex/latex/base/makeidx.sty
Package: makeidx 2014/09/29 v1.0m Standard LaTeX package
)
(../_common/modeling_macros.tex
(/usr/local/texlive/2015/texmf-dist/tex/latex/subfigure/subfigure.sty
Package: subfigure 2002/03/15 v2.1.5 subfigure package
\subfigtopskip=\skip58
\subfigcapskip=\skip59
\subfigcaptopadj=\dimen119
\subfigbottomskip=\skip60
\subfigcapmargin=\dimen120
\subfiglabelskip=\skip61
\c@subfigure=\count107
\c@lofdepth=\count108
\c@subtable=\count109
\c@lotdepth=\count110

****************************************
* Local config file subfigure.cfg used *
****************************************
(/usr/local/texlive/2015/texmf-dist/tex/latex/subfigure/subfigure.cfg)
\subfig@top=\skip62
\subfig@bottom=\skip63
)
(/usr/local/texlive/2015/texmf-dist/tex/latex/graphics/color.sty
Package: color 2014/10/28 v1.1a Standard LaTeX Color (DPC)

(/usr/local/texlive/2015/texmf-dist/tex/latex/latexconfig/color.cfg
File: color.cfg 2007/01/18 v1.5 color configuration of teTeX/TeXLive
)
Package color Info: Driver file: pdftex.def on input line 142.
)
(/usr/local/texlive/2015/texmf-dist/tex/latex/caption/caption.sty
Package: caption 2013/05/02 v3.3-89 Customizing captions (AR)

(/usr/local/texlive/2015/texmf-dist/tex/latex/caption/caption3.sty
Package: caption3 2013/05/02 v1.6-88 caption3 kernel (AR)
Package caption3 Info: TeX engine: e-TeX on input line 57.
\captionmargin=\dimen121
\captionmargin@=\dimen122
\captionwidth=\dimen123
\caption@tempdima=\dimen124
\caption@indent=\dimen125
\caption@parindent=\dimen126
\caption@hangindent=\dimen127
Package caption Info: The definition of \@makecaption has been changed,
(caption)             frenchb will NOT customize it.
Package caption Info: Unknown document class (or package),
(caption)             standard defaults will be used.
)

Package caption Warning: Unsupported document class (or package) detected,
(caption)                usage of the caption package is not recommended.
See the caption package documentation for explanation.

Package caption Info: \@makecaption = \long macro:#1#2->\ifx \@captype \xtable 
\vskip \abovecaptionskip \fontsize {9}{11pt}\selectfont \sbox \@tempboxa {{#1}\
enspace #2}\ifdim \wd \@tempboxa >\hsize \@hangfrom {#1\enspace }#2\par \else \
global \@minipagefalse \hb@xt@ \hsize {\hfil \box \@tempboxa \hfil }\fi \vskip 
8.3pt \else \vskip \abovecaptionskip \fontsize {9}{11pt}\selectfont \sbox \@tem
pboxa {{#1}\enspace #2}\ifdim \wd \@tempboxa >\hsize \@hangfrom {#1\enspace }#2
\par \else \global \@minipagefalse \hb@xt@ \hsize {\hfil \box \@tempboxa \hfil 
}\fi \vskip \belowcaptionskip \fi .
\c@ContinuedFloat=\count111
Package caption Info: subfigure package is loaded.
) (/usr/local/texlive/2015/texmf-dist/tex/latex/amsmath/amsmath.sty
Package: amsmath 2013/01/14 v2.14 AMS math features
\@mathmargin=\skip64

For additional information on amsmath, use the `?' option.
(/usr/local/texlive/2015/texmf-dist/tex/latex/amsmath/amstext.sty
Package: amstext 2000/06/29 v2.01

(/usr/local/texlive/2015/texmf-dist/tex/latex/amsmath/amsgen.sty
File: amsgen.sty 1999/11/30 v2.0
\@emptytoks=\toks23
\ex@=\dimen128
))
(/usr/local/texlive/2015/texmf-dist/tex/latex/amsmath/amsbsy.sty
Package: amsbsy 1999/11/29 v1.2d
LaTeX Info: Redefining \boldsymbol on input line 39.
\pmbraise@=\dimen129
)
(/usr/local/texlive/2015/texmf-dist/tex/latex/amsmath/amsopn.sty
Package: amsopn 1999/12/14 v2.01 operator names
)
\inf@bad=\count112
LaTeX Info: Redefining \frac on input line 210.
\uproot@=\count113
\leftroot@=\count114
LaTeX Info: Redefining \overline on input line 306.
\classnum@=\count115
\DOTSCASE@=\count116
LaTeX Info: Redefining \ldots on input line 378.
LaTeX Info: Redefining \dots on input line 381.
LaTeX Info: Redefining \cdots on input line 466.
\Mathstrutbox@=\box52
\strutbox@=\box53
\big@size=\dimen130
LaTeX Font Info:    Redeclaring font encoding OML on input line 566.
LaTeX Font Info:    Redeclaring font encoding OMS on input line 567.
\macc@depth=\count117
\c@MaxMatrixCols=\count118
\dotsspace@=\muskip10
\c@parentequation=\count119
\dspbrk@lvl=\count120
\tag@help=\toks24
\row@=\count121
\column@=\count122
\maxfields@=\count123
\andhelp@=\toks25
\eqnshift@=\dimen131
\alignsep@=\dimen132
\tagshift@=\dimen133
\tagwidth@=\dimen134
\totwidth@=\dimen135
\lineht@=\dimen136
\@envbody=\toks26
\multlinegap=\skip65
\multlinetaggap=\skip66
\mathdisplay@stack=\toks27
LaTeX Info: Redefining \[ on input line 2665.
LaTeX Info: Redefining \] on input line 2666.
)
(/usr/local/texlive/2015/texmf-dist/tex/latex/listings/listings.sty
\lst@mode=\count124
\lst@gtempboxa=\box54
\lst@token=\toks28
\lst@length=\count125
\lst@currlwidth=\dimen137
\lst@column=\count126
\lst@pos=\count127
\lst@lostspace=\dimen138
\lst@width=\dimen139
\lst@newlines=\count128
\lst@lineno=\count129
\lst@maxwidth=\dimen140

(/usr/local/texlive/2015/texmf-dist/tex/latex/listings/lstmisc.sty
File: lstmisc.sty 2014/09/06 1.5e (Carsten Heinz)
\c@lstnumber=\count130
\lst@skipnumbers=\count131
\lst@framebox=\box55
)
(/usr/local/texlive/2015/texmf-dist/tex/latex/listings/listings.cfg
File: listings.cfg 2014/09/06 1.5e listings configuration
))
Package: listings 2014/09/06 1.5e (Carsten Heinz)
\c@exerciseEnv=\count132
\c@problem=\count133
\c@project=\count134

(/usr/local/texlive/2015/texmf-dist/tex/latex/listings/lstlang1.sty
File: lstlang1.sty 2014/09/06 1.5e listings language file
))
\@indexfile=\write3
\openout3 = `"Guide de l'utilisateur de EjsS.idx"'.


Writing index file "Guide de l'utilisateur de EjsS".idx
(./Guide de l'utilisateur de EjsS.aux (./01Introduction/mainIntro.aux)
(./02ExplorationJava/mainJava.aux) (./03ExplorationJavascript/mainJS.aux)
(./04JavatoJS/mainJavaToJS.aux) (./appendixA/mainEvents.aux

LaTeX Warning: Label `chapter:JavascriptEJS' multiply defined.

))
\openout1 = `"Guide de l'utilisateur de EjsS.aux"'.

LaTeX Font Info:    Checking defaults for OML/cmm/m/it on input line 27.
LaTeX Font Info:    ... okay on input line 27.
LaTeX Font Info:    Checking defaults for T1/cmr/m/n on input line 27.
LaTeX Font Info:    ... okay on input line 27.
LaTeX Font Info:    Checking defaults for OT1/cmr/m/n on input line 27.
LaTeX Font Info:    ... okay on input line 27.
LaTeX Font Info:    Checking defaults for OMS/cmsy/m/n on input line 27.
LaTeX Font Info:    ... okay on input line 27.
LaTeX Font Info:    Checking defaults for OMX/cmex/m/n on input line 27.
LaTeX Font Info:    ... okay on input line 27.
LaTeX Font Info:    Checking defaults for U/cmr/m/n on input line 27.
LaTeX Font Info:    ... okay on input line 27.
LaTeX Font Info:    Checking defaults for OT2/cmr/m/n on input line 27.
LaTeX Font Info:    Try loading font information for OT2+cmr on input line 27.
 (/usr/local/texlive/2015/texmf-dist/tex/latex/cyrillic/ot2cmr.fd
File: ot2cmr.fd 2001/08/11 v3.2c Computer Modern Cyrillic font definitions
)
LaTeX Font Info:    ... okay on input line 27.
LaTeX Info: Redefining \degres on input line 27.


Package frenchb.ldf Warning: Figures' and tables' captions might look like
(frenchb.ldf)                `Figure 1:' which is wrong in French.
(frenchb.ldf)                Check your class or packages to change this;
(frenchb.ldf)                reported on input line 27.

LaTeX Info: Redefining \dots on input line 27.
LaTeX Info: Redefining \up on input line 27.
(/usr/local/texlive/2015/texmf-dist/tex/context/base/supp-pdf.mkii
[Loading MPS to PDF converter (version 2006.09.02).]
\scratchcounter=\count135
\scratchdimen=\dimen141
\scratchbox=\box56
\nofMPsegments=\count136
\nofMParguments=\count137
\everyMPshowfont=\toks29
\MPscratchCnt=\count138
\MPscratchDim=\dimen142
\MPnumerator=\count139
\makeMPintoPDFobject=\count140
\everyMPtoPDFconversion=\toks30
) (/usr/local/texlive/2015/texmf-dist/tex/generic/oberdiek/pdftexcmds.sty
Package: pdftexcmds 2011/11/29 v0.20 Utility functions of pdfTeX for LuaTeX (HO
)

(/usr/local/texlive/2015/texmf-dist/tex/generic/oberdiek/ifluatex.sty
Package: ifluatex 2010/03/01 v1.3 Provides the ifluatex switch (HO)
Package ifluatex Info: LuaTeX not detected.
)
(/usr/local/texlive/2015/texmf-dist/tex/generic/oberdiek/ifpdf.sty
Package: ifpdf 2011/01/30 v2.3 Provides the ifpdf switch (HO)
Package ifpdf Info: pdfTeX in PDF mode is detected.
)
Package pdftexcmds Info: LuaTeX not detected.
Package pdftexcmds Info: \pdf@primitive is available.
Package pdftexcmds Info: \pdf@ifprimitive is available.
Package pdftexcmds Info: \pdfdraftmode found.
)
(/usr/local/texlive/2015/texmf-dist/tex/latex/oberdiek/epstopdf-base.sty
Package: epstopdf-base 2010/02/09 v2.5 Base part for package epstopdf

(/usr/local/texlive/2015/texmf-dist/tex/latex/oberdiek/grfext.sty
Package: grfext 2010/08/19 v1.1 Manage graphics extensions (HO)

(/usr/local/texlive/2015/texmf-dist/tex/generic/oberdiek/kvdefinekeys.sty
Package: kvdefinekeys 2011/04/07 v1.3 Define keys (HO)
))
(/usr/local/texlive/2015/texmf-dist/tex/latex/oberdiek/kvoptions.sty
Package: kvoptions 2011/06/30 v3.11 Key value format for package options (HO)

(/usr/local/texlive/2015/texmf-dist/tex/generic/oberdiek/kvsetkeys.sty
Package: kvsetkeys 2012/04/25 v1.16 Key value parser (HO)

(/usr/local/texlive/2015/texmf-dist/tex/generic/oberdiek/etexcmds.sty
Package: etexcmds 2011/02/16 v1.5 Avoid name clashes with e-TeX commands (HO)
Package etexcmds Info: Could not find \expanded.
(etexcmds)             That can mean that you are not using pdfTeX 1.50 or
(etexcmds)             that some package has redefined \expanded.
(etexcmds)             In the latter case, load this package earlier.
)))
Package grfext Info: Graphics extension search list:
(grfext)             [.png,.pdf,.jpg,.mps,.jpeg,.jbig2,.jb2,.PNG,.PDF,.JPG,.JPE
G,.JBIG2,.JB2,.eps]
(grfext)             \AppendGraphicsExtensions on input line 452.

(/usr/local/texlive/2015/texmf-dist/tex/latex/latexconfig/epstopdf-sys.cfg
File: epstopdf-sys.cfg 2010/07/13 v1.3 Configuration of (r)epstopdf for TeX Liv
e
))
Package caption Info: Begin \AtBeginDocument code.
Package caption Info: listings package is loaded.
Package caption Info: End \AtBeginDocument code.
\c@lstlisting=\count141
LaTeX Font Info:    Try loading font information for T1+aess on input line 40.

(/usr/local/texlive/2015/texmf-dist/tex/latex/ae/t1aess.fd
File: t1aess.fd 1997/11/16 Font definitions for T1/aess.
)
LaTeX Font Info:    Font shape `T1/aess/m/it' in size <20> not available
(Font)              Font shape `T1/aess/m/sl' tried instead on input line 40.
LaTeX Font Info:    Font shape `T1/aess/m/it' in size <14> not available
(Font)              Font shape `T1/aess/m/sl' tried instead on input line 40.
 [1{/usr/local/texlive/2015/texmf-var/fonts/map/pdftex/updmap/pdftex.map}



] [2

]
\openout2 = `01Introduction/mainIntro.aux'.


(./01Introduction/mainIntro.tex
Chapitre 1.

LaTeX Font Warning: Font shape `T1/aess/bx/it' undefined
(Font)              using `T1/aess/bx/n' instead on input line 3.

[1



]
LaTeX Font Info:    Calculating math sizes for size <11> on input line 17.


LaTeX Font Warning: Font shape `OT1/cmr/m/n' in size <5.5> not available
(Font)              size <5> substituted on input line 17.


LaTeX Font Warning: Font shape `OML/cmm/m/it' in size <5.5> not available
(Font)              size <5> substituted on input line 17.


LaTeX Font Warning: Font shape `OMS/cmsy/m/n' in size <5.5> not available
(Font)              size <5> substituted on input line 17.


LaTeX Font Warning: Font shape `OT1/cmr/bx/n' in size <5.5> not available
(Font)              size <5> substituted on input line 17.


LaTeX Font Warning: Font shape `OML/cmm/b/it' in size <5.5> not available
(Font)              size <5> substituted on input line 17.


LaTeX Font Warning: Font shape `OMS/cmsy/b/n' in size <5.5> not available
(Font)              size <5> substituted on input line 17.

LaTeX Font Info:    Try loading font information for U+lasy on input line 17.
(/usr/local/texlive/2015/texmf-dist/tex/latex/base/ulasy.fd
File: ulasy.fd 1998/08/17 v2.2e LaTeX symbol font definitions
)

LaTeX Font Warning: Font shape `U/lasy/m/n' in size <5.5> not available
(Font)              size <5> substituted on input line 17.


Overfull \vbox (10.75403pt too high) has occurred while \output is active []


[2]
Overfull \hbox (1.81726pt too wide) in paragraph at lines 33--34
\T1/aer/m/n/11 Run-time En-vi-ron-ment (JRE) --- l'en-vi-ron-ne-ment d'ex-ploi-
ta-tion de Java
 []


Overfull \hbox (10.97166pt too wide) in paragraph at lines 46--47
\T1/aer/m/n/11 ment créé, vous trou-ve-rez un fi-chier in-ti-tulé \T1/aer/bx/n/
11 Ejs-Con-sole.jar\T1/aer/m/n/11 .[][] Double-
 []

LaTeX Font Info:    Try loading font information for T1+aett on input line 48.
(/usr/local/texlive/2015/texmf-dist/tex/latex/ae/t1aett.fd
File: t1aett.fd 1997/11/16 Font definitions for T1/aett.
)
<01Introduction/images/EjsConsole1.png, id=26, 684.5575pt x 316.18124pt>
File: 01Introduction/images/EjsConsole1.png Graphic file (type png)

<use 01Introduction/images/EjsConsole1.png>
Package pdftex.def Info: 01Introduction/images/EjsConsole1.png used on input li
ne 57.
(pdftex.def)             Requested size: 205.36882pt x 94.8551pt.


LaTeX Font Warning: Font shape `T1/aer/bx/sc' undefined
(Font)              using `T1/aer/bx/n' instead on input line 58.

<01Introduction/images/WorkspaceChooser.png, id=27, 589.20125pt x 455.7025pt>
File: 01Introduction/images/WorkspaceChooser.png Graphic file (type png)

<use 01Introduction/images/WorkspaceChooser.png>
Package pdftex.def Info: 01Introduction/images/WorkspaceChooser.png used on inp
ut line 67.
(pdftex.def)             Requested size: 176.76173pt x 136.71179pt.
LaTeX Font Info:    Font shape `T1/aess/m/it' in size <8> not available
(Font)              Font shape `T1/aess/m/sl' tried instead on input line 74.
 [3] [4 <./01Introduction/images/EjsConsole1.png> <./01Introduction/images/Work
spaceChooser.png>]
<../_common/icons_png/edit.png, id=45, 16.06pt x 14.0525pt>
File: ../_common/icons_png/edit.png Graphic file (type png)

<use ../_common/icons_png/edit.png>
Package pdftex.def Info: ../_common/icons_png/edit.png used on input line 90.
(pdftex.def)             Requested size: 9.63606pt x 8.43155pt.

<01Introduction/images/NameAndAffiliation.png, id=47, 807.015pt x 646.415pt>
File: 01Introduction/images/NameAndAffiliation.png Graphic file (type png)

<use 01Introduction/images/NameAndAffiliation.png>
Package pdftex.def Info: 01Introduction/images/NameAndAffiliation.png used on i
nput line 94.
(pdftex.def)             Requested size: 242.10637pt x 193.926pt.
 [5 <../_common/icons_png/edit.png>] <01Introduction/images/EjsInterface.png, i
d=54, 787.94376pt x 642.4pt>
File: 01Introduction/images/EjsInterface.png Graphic file (type png)

<use 01Introduction/images/EjsInterface.png>
Package pdftex.def Info: 01Introduction/images/EjsInterface.png used on input l
ine 107.
(pdftex.def)             Requested size: 236.38495pt x 192.72148pt.
 [6 <./01Introduction/images/NameAndAffiliation.png> <./01Introduction/images/E
jsInterface.png>]
Underfull \vbox (badness 10000) has occurred while \output is active []

 [7]
<01Introduction/images/EjsInterfaceJS.png, id=62, 762.85pt x 639.38875pt>
File: 01Introduction/images/EjsInterfaceJS.png Graphic file (type png)

<use 01Introduction/images/EjsInterfaceJS.png>
Package pdftex.def Info: 01Introduction/images/EjsInterfaceJS.png used on input
 line 127.
(pdftex.def)             Requested size: 228.85677pt x 191.8181pt.
 [8 <./01Introduction/images/EjsInterfaceJS.png>]
<../_common/icons_png/netOpen.png, id=66, 21.07875pt x 20.075pt>
File: ../_common/icons_png/netOpen.png Graphic file (type png)

<use ../_common/icons_png/netOpen.png>
Package pdftex.def Info: ../_common/icons_png/netOpen.png used on input line 14
2.
(pdftex.def)             Requested size: 12.64732pt x 12.04507pt.

<01Introduction/images/EJSDigitalLibraries.png, id=67, 822.07124pt x 489.83pt>
File: 01Introduction/images/EJSDigitalLibraries.png Graphic file (type png)

<use 01Introduction/images/EJSDigitalLibraries.png>
Package pdftex.def Info: 01Introduction/images/EJSDigitalLibraries.png used on 
input line 146.
(pdftex.def)             Requested size: 246.62328pt x 146.95012pt.
 [9 <../_common/icons_png/netOpen.png> <./01Introduction/images/EJSDigitalLibra
ries.png>]
<01Introduction/images/OSPCollection.png, id=73, 905.3825pt x 647.41875pt>
File: 01Introduction/images/OSPCollection.png Graphic file (type png)

<use 01Introduction/images/OSPCollection.png>
Package pdftex.def Info: 01Introduction/images/OSPCollection.png used on input 
line 157.
(pdftex.def)             Requested size: 271.61684pt x 194.22711pt.
 [10 <./01Introduction/images/OSPCollection.png>]) [11]
\openout2 = `03ExplorationJavascript/mainJS.aux'.

 (./03ExplorationJavascript/mainJS.tex [34




]
Chapitre 3.
[35] <../_common/icons_png/openSmall.png, id=88, 21.07875pt x 20.075pt>
File: ../_common/icons_png/openSmall.png Graphic file (type png)

<use ../_common/icons_png/openSmall.png>
Package pdftex.def Info: ../_common/icons_png/openSmall.png used on input line 
20.
(pdftex.def)             Requested size: 12.64732pt x 12.04507pt.

<03ExplorationJavascript/images/OpenDialogCrossPlatform.png, id=89, 541.02126pt
 x 372.39125pt>
File: 03ExplorationJavascript/images/OpenDialogCrossPlatform.png Graphic file (
type png)

<use 03ExplorationJavascript/images/OpenDialogCrossPlatform.png>
Package pdftex.def Info: 03ExplorationJavascript/images/OpenDialogCrossPlatform
.png used on input line 24.
(pdftex.def)             Requested size: 108.20233pt x 74.47693pt.

<03ExplorationJavascript/images/OpenDialogNative.png, id=90, 693.59125pt x 428.
60126pt>
File: 03ExplorationJavascript/images/OpenDialogNative.png Graphic file (type pn
g)
 <use 03ExplorationJavascript/images/OpenDialogNative.png>
Package pdftex.def Info: 03ExplorationJavascript/images/OpenDialogNative.png us
ed on input line 25.
(pdftex.def)             Requested size: 138.71579pt x 85.71872pt.

<03ExplorationJavascript/images/SpringInterface.png, id=91, 947.54pt x 666.49pt
>
File: 03ExplorationJavascript/images/SpringInterface.png Graphic file (type png
)
 <use 03ExplorationJavascript/images/SpringInterface.png>
Package pdftex.def Info: 03ExplorationJavascript/images/SpringInterface.png use
d on input line 34.
(pdftex.def)             Requested size: 284.26419pt x 199.94853pt.

<../_common/icons_png/launch.png, id=92, 12.045pt x 12.045pt>
File: ../_common/icons_png/launch.png Graphic file (type png)

<use ../_common/icons_png/launch.png>
Package pdftex.def Info: ../_common/icons_png/launch.png used on input line 39.

(pdftex.def)             Requested size: 7.22704pt x 7.22704pt.

<03ExplorationJavascript/images/SpringDesc.png, id=93, 769.87625pt x 344.28625p
t>
File: 03ExplorationJavascript/images/SpringDesc.png Graphic file (type png)
 <use 03ExplorationJavascript/images/SpringDesc.png>
Package pdftex.def Info: 03ExplorationJavascript/images/SpringDesc.png used on 
input line 47.
(pdftex.def)             Requested size: 230.96466pt x 103.28667pt.

Overfull \vbox (9.25684pt too high) has occurred while \output is active []


[36 <../_common/icons_png/openSmall.png> <./03ExplorationJavascript/images/Open
DialogCrossPlatform.png> <./03ExplorationJavascript/images/OpenDialogNative.png
> <../_common/icons_png/launch.png>] [37 <./03ExplorationJavascript/images/Spri
ngInterface.png> <./03ExplorationJavascript/images/SpringDesc.png>]
LaTeX Font Info:    Font shape `T1/aess/m/it' in size <11> not available
(Font)              Font shape `T1/aess/m/sl' tried instead on input line 71.

<03ExplorationJavascript/images/ModelVariables.png, id=104, 759.83875pt x 451.6
875pt>
File: 03ExplorationJavascript/images/ModelVariables.png Graphic file (type png)

 <use 03ExplorationJavascript/images/ModelVariables.png>
Package pdftex.def Info: 03ExplorationJavascript/images/ModelVariables.png used
 on input line 74.
(pdftex.def)             Requested size: 227.95337pt x 135.5073pt.
 [38] [39 <./03ExplorationJavascript/images/ModelVariables.png>] [40]
<03ExplorationJavascript/images/ModelEvolution.png, id=120, 772.8875pt x 454.69
875pt>
File: 03ExplorationJavascript/images/ModelEvolution.png Graphic file (type png)

 <use 03ExplorationJavascript/images/ModelEvolution.png>
Package pdftex.def Info: 03ExplorationJavascript/images/ModelEvolution.png used
 on input line 112.
(pdftex.def)             Requested size: 231.86803pt x 136.41068pt.
 [41 <./03ExplorationJavascript/images/ModelEvolution.png>]
Underfull \vbox (badness 10000) has occurred while \output is active []

 [42]
<03ExplorationJavascript/images/ModelConstraints.png, id=128, 776.9025pt x 453.
695pt>
File: 03ExplorationJavascript/images/ModelConstraints.png Graphic file (type pn
g)
 <use 03ExplorationJavascript/images/ModelConstraints.png>
Package pdftex.def Info: 03ExplorationJavascript/images/ModelConstraints.png us
ed on input line 137.
(pdftex.def)             Requested size: 233.07254pt x 136.10954pt.
 [43 <./03ExplorationJavascript/images/ModelConstraints.png>] [44]
<03ExplorationJavascript/images/View.png, id=136, 767.86874pt x 470.75874pt>
File: 03ExplorationJavascript/images/View.png Graphic file (type png)

<use 03ExplorationJavascript/images/View.png>
Package pdftex.def Info: 03ExplorationJavascript/images/View.png used on input 
line 162.
(pdftex.def)             Requested size: 230.3624pt x 141.22871pt.
 [45 <./03ExplorationJavascript/images/View.png>]
Overfull \hbox (5.28694pt too wide) in paragraph at lines 173--174
[]\T1/aer/m/n/11 Voyons com-ment ce pro-ces-sus fonc-tionne dans la pra-tique. 
Faites double
 []


<03ExplorationJavascript/images/SpringBallProperties.png, id=142, 894.34125pt x
 496.85625pt>
File: 03ExplorationJavascript/images/SpringBallProperties.png Graphic file (typ
e png)
 <use 03ExplorationJavascript/images/SpringBallProperties.png>
Package pdftex.def Info: 03ExplorationJavascript/images/SpringBallProperties.pn
g used on input line 177.
(pdftex.def)             Requested size: 268.30444pt x 149.05801pt.

[46 <./03ExplorationJavascript/images/SpringBallProperties.png>]
LaTeX Font Info:    Font shape `U/lasy/b/n' in size <7.69997> not available
(Font)              Font shape `U/lasy/m/n' tried instead on input line 197.
LaTeX Font Info:    Font shape `U/lasy/b/n' in size <5.5> not available
(Font)              Font shape `U/lasy/m/n' tried instead on input line 197.


LaTeX Font Warning: Font shape `U/lasy/m/n' in size <5.5> not available
(Font)              size <5> substituted on input line 197.

[47]
File: ../_common/icons_png/launch.png Graphic file (type png)
 <use ../_common/icons_png/launch.png>
Package pdftex.def Info: ../_common/icons_png/launch.png used on input line 209
.
(pdftex.def)             Requested size: 7.22704pt x 7.22704pt.

<../_common/icons_png/play.png, id=151, 6.7452pt x 13.0086pt>
File: ../_common/icons_png/play.png Graphic file (type png)

<use ../_common/icons_png/play.png>
Package pdftex.def Info: ../_common/icons_png/play.png used on input line 211.
(pdftex.def)             Requested size: 4.04713pt x 7.8052pt.

<../_common/icons_png/pause.png, id=152, 9.636pt x 10.5996pt>
File: ../_common/icons_png/pause.png Graphic file (type png)

<use ../_common/icons_png/pause.png>
Package pdftex.def Info: ../_common/icons_png/pause.png used on input line 211.

(pdftex.def)             Requested size: 5.78163pt x 6.3598pt.

<03ExplorationJavascript/images/SpringRunning.png, id=153, 965.6075pt x 529.98p
t>
File: 03ExplorationJavascript/images/SpringRunning.png Graphic file (type png)
 <use 03ExplorationJavascript/images/SpringRunning.png>
Package pdftex.def Info: 03ExplorationJavascript/images/SpringRunning.png used 
on input line 217.
(pdftex.def)             Requested size: 289.68448pt x 158.99521pt.

<../_common/icons_png/package.png, id=154, 15.05624pt x 16.06pt>
File: ../_common/icons_png/package.png Graphic file (type png)

<use ../_common/icons_png/package.png>
Package pdftex.def Info: ../_common/icons_png/package.png used on input line 22
5.
(pdftex.def)             Requested size: 9.0338pt x 9.63606pt.

Underfull \vbox (badness 10000) has occurred while \output is active []

 [48 <../_common/icons_png/play.png> <../_common/icons_png/pause.png>]
Underfull \vbox (badness 10000) has occurred while \output is active []

 [49 <./03ExplorationJavascript/images/SpringRunning.png> <../_common/icons_png
/package.png>]
Underfull \vbox (badness 10000) has occurred while \output is active []

 [50]
<03ExplorationJavascript/images/ModifyVariables1.png, id=168, 762.85pt x 306.14
375pt>
File: 03ExplorationJavascript/images/ModifyVariables1.png Graphic file (type pn
g)
 <use 03ExplorationJavascript/images/ModifyVariables1.png>
Package pdftex.def Info: 03ExplorationJavascript/images/ModifyVariables1.png us
ed on input line 261.
(pdftex.def)             Requested size: 228.85677pt x 91.84383pt.
 [51 <./03ExplorationJavascript/images/ModifyVariables1.png>]
<03ExplorationJavascript/images/ModifyVariables2.png, id=174, 761.84625pt x 305
.14pt>
File: 03ExplorationJavascript/images/ModifyVariables2.png Graphic file (type pn
g)
 <use 03ExplorationJavascript/images/ModifyVariables2.png>
Package pdftex.def Info: 03ExplorationJavascript/images/ModifyVariables2.png us
ed on input line 271.
(pdftex.def)             Requested size: 228.55563pt x 91.5427pt.
 [52 <./03ExplorationJavascript/images/ModifyVariables2.png>]
Underfull \vbox (badness 5726) has occurred while \output is active []

 [53]
<../_common/icons_png/Groups/Containers.png, id=182, 11.04124pt x 10.0375pt>
File: ../_common/icons_png/Groups/Containers.png Graphic file (type png)

<use ../_common/icons_png/Groups/Containers.png>
Package pdftex.def Info: ../_common/icons_png/Groups/Containers.png used on inp
ut line 318.
(pdftex.def)             Requested size: 6.62479pt x 6.02254pt.

<../_common/icons_png/Elements/PlottingPanel.png, id=183, 24.09pt x 19.07124pt>
File: ../_common/icons_png/Elements/PlottingPanel.png Graphic file (type png)
<use ../_common/icons_png/Elements/PlottingPanel.png>
Package pdftex.def Info: ../_common/icons_png/Elements/PlottingPanel.png used o
n input line 318.
(pdftex.def)             Requested size: 14.45409pt x 11.44283pt.

<../_common/icons_png/create.png, id=184, 16.06pt x 14.0525pt>
File: ../_common/icons_png/create.png Graphic file (type png)

<use ../_common/icons_png/create.png>
Package pdftex.def Info: ../_common/icons_png/create.png used on input line 318
.
(pdftex.def)             Requested size: 9.63606pt x 8.43155pt.

<03ExplorationJavascript/images/ModifyViewAddPlottingPanel.png, id=185, 745.786
25pt x 453.695pt>
File: 03ExplorationJavascript/images/ModifyViewAddPlottingPanel.png Graphic fil
e (type png)

<use 03ExplorationJavascript/images/ModifyViewAddPlottingPanel.png>
Package pdftex.def Info: 03ExplorationJavascript/images/ModifyViewAddPlottingPa
nel.png used on input line 324.
(pdftex.def)             Requested size: 223.7376pt x 136.10954pt.
 [54 <../_common/icons_png/Groups/Containers.png> <../_common/icons_png/Element
s/PlottingPanel.png> <../_common/icons_png/create.png> <./03ExplorationJavascri
pt/images/ModifyViewAddPlottingPanel.png>]
<../_common/icons_png/Elements/Trail.png, id=193, 13.04875pt x 15.05624pt>
File: ../_common/icons_png/Elements/Trail.png Graphic file (type png)

<use ../_common/icons_png/Elements/Trail.png>
Package pdftex.def Info: ../_common/icons_png/Elements/Trail.png used on input 
line 331.
(pdftex.def)             Requested size: 7.8293pt x 9.0338pt.

<03ExplorationJavascript/images/ModifyRunning.png, id=194, 512.91624pt x 358.33
875pt>
File: 03ExplorationJavascript/images/ModifyRunning.png Graphic file (type png)
 <use 03ExplorationJavascript/images/ModifyRunning.png>
Package pdftex.def Info: 03ExplorationJavascript/images/ModifyRunning.png used 
on input line 335.
(pdftex.def)             Requested size: 153.87605pt x 107.50244pt.

<../_common/icons_png/Elements/Panel.png, id=195, 16.06pt x 11.04124pt>
File: ../_common/icons_png/Elements/Panel.png Graphic file (type png)

<use ../_common/icons_png/Elements/Panel.png>
Package pdftex.def Info: ../_common/icons_png/Elements/Panel.png used on input 
line 344.
(pdftex.def)             Requested size: 9.63606pt x 6.62479pt.
 [55 <../_common/icons_png/Elements/Trail.png> <./03ExplorationJavascript/image
s/ModifyRunning.png> <../_common/icons_png/Elements/Panel.png>]
<../_common/icons_png/Elements/Label.png, id=202, 18.0675pt x 12.045pt>
File: ../_common/icons_png/Elements/Label.png Graphic file (type png)

<use ../_common/icons_png/Elements/Label.png>
Package pdftex.def Info: ../_common/icons_png/Elements/Label.png used on input 
line 347.
(pdftex.def)             Requested size: 10.84058pt x 7.22704pt.

<../_common/icons_png/Elements/ParsedField.png, id=203, 17.06375pt x 14.0525pt>
File: ../_common/icons_png/Elements/ParsedField.png Graphic file (type png)
<use ../_common/icons_png/Elements/ParsedField.png>
Package pdftex.def Info: ../_common/icons_png/Elements/ParsedField.png used on 
input line 349.
(pdftex.def)             Requested size: 10.23831pt x 8.43155pt.

<../_common/icons_png/link.png, id=204, 16.06pt x 13.04875pt>
File: ../_common/icons_png/link.png Graphic file (type png)

<use ../_common/icons_png/link.png>
Package pdftex.def Info: ../_common/icons_png/link.png used on input line 349.
(pdftex.def)             Requested size: 9.63606pt x 7.8293pt.

<03ExplorationJavascript/images/ModifyField.png, id=205, 818.05624pt x 368.3762
5pt>
File: 03ExplorationJavascript/images/ModifyField.png Graphic file (type png)
 <use 03ExplorationJavascript/images/ModifyField.png>
Package pdftex.def Info: 03ExplorationJavascript/images/ModifyField.png used on
 input line 356.
(pdftex.def)             Requested size: 245.41876pt x 110.51372pt.
File: ../_common/icons_png/edit.png Graphic file (type png)

<use ../_common/icons_png/edit.png>
Package pdftex.def Info: ../_common/icons_png/edit.png used on input line 363.
(pdftex.def)             Requested size: 9.63606pt x 8.43155pt.

<03ExplorationJavascript/images/SourceHK.png, id=206, 16.863pt x 12.045pt>
File: 03ExplorationJavascript/images/SourceHK.png Graphic file (type png)

<use 03ExplorationJavascript/images/SourceHK.png>
Package pdftex.def Info: 03ExplorationJavascript/images/SourceHK.png used on in
put line 365.
(pdftex.def)             Requested size: 10.11786pt x 7.22704pt.

<../_common/icons_png/unlinked.png, id=207, 16.06pt x 13.04875pt>
File: ../_common/icons_png/unlinked.png Graphic file (type png)

<use ../_common/icons_png/unlinked.png>
Package pdftex.def Info: ../_common/icons_png/unlinked.png used on input line 3
65.
(pdftex.def)             Requested size: 9.63606pt x 7.8293pt.
 [56 <../_common/icons_png/Elements/Label.png> <../_common/icons_png/Elements/P
arsedField.png> <../_common/icons_png/link.png> <./03ExplorationJavascript/imag
es/ModifyField.png>]
<03ExplorationJavascript/images/ModifyHTML.png, id=215, 788.9475pt x 474.77374p
t>
File: 03ExplorationJavascript/images/ModifyHTML.png Graphic file (type png)
 <use 03ExplorationJavascript/images/ModifyHTML.png>
Package pdftex.def Info: 03ExplorationJavascript/images/ModifyHTML.png used on 
input line 369.
(pdftex.def)             Requested size: 236.68607pt x 142.43321pt.

<../_common/icons_png/saveAsSmall.png, id=216, 15.05624pt x 15.05624pt>
File: ../_common/icons_png/saveAsSmall.png Graphic file (type png)

<use ../_common/icons_png/saveAsSmall.png>
Package pdftex.def Info: ../_common/icons_png/saveAsSmall.png used on input lin
e 374.
(pdftex.def)             Requested size: 9.0338pt x 9.0338pt.
 [57 <./03ExplorationJavascript/images/SourceHK.png> <../_common/icons_png/unli
nked.png> <./03ExplorationJavascript/images/ModifyHTML.png> <../_common/icons_p
ng/saveAsSmall.png>]) [58] [78




]
No file "Guide de l'utilisateur de EjsS".bbl.
(./Guide de l'utilisateur de EjsS.aux (./01Introduction/mainIntro.aux)
(./02ExplorationJava/mainJava.aux) (./03ExplorationJavascript/mainJS.aux)
(./04JavatoJS/mainJavaToJS.aux) (./appendixA/mainEvents.aux))

LaTeX Font Warning: Size substitutions with differences
(Font)              up to 0.5pt have occurred.


LaTeX Font Warning: Some font shapes were not available, defaults substituted.


LaTeX Warning: There were multiply-defined labels.

 ) 
Here is how much of TeX's memory you used:
 7296 strings out of 493089
 113100 string characters out of 6134841
 192054 words of memory out of 5000000
 10478 multiletter control sequences out of 15000+600000
 82285 words of font info for 146 fonts, out of 8000000 for 9000
 1141 hyphenation exceptions out of 8191
 38i,12n,40p,1940b,439s stack positions out of 5000i,500n,10000p,200000b,80000s
</usr/local/texlive/2015/texmf-dist/fonts/type1/public/amsfonts/cm/cmbx10.pfb
></usr/local/texlive/2015/texmf-dist/fonts/type1/public/amsfonts/cm/cmbx9.pfb><
/usr/local/texlive/2015/texmf-dist/fonts/type1/public/amsfonts/cm/cmbxti10.pfb>
</usr/local/texlive/2015/texmf-dist/fonts/type1/public/amsfonts/cm/cmex10.pfb><
/usr/local/texlive/2015/texmf-dist/fonts/type1/public/amsfonts/cm/cmmi10.pfb></
usr/local/texlive/2015/texmf-dist/fonts/type1/public/amsfonts/cm/cmmi8.pfb></us
r/local/texlive/2015/texmf-dist/fonts/type1/public/amsfonts/cm/cmmi9.pfb></usr/
local/texlive/2015/texmf-dist/fonts/type1/public/amsfonts/cm/cmr10.pfb></usr/lo
cal/texlive/2015/texmf-dist/fonts/type1/public/amsfonts/cm/cmr7.pfb></usr/local
/texlive/2015/texmf-dist/fonts/type1/public/amsfonts/cm/cmr8.pfb></usr/local/te
xlive/2015/texmf-dist/fonts/type1/public/amsfonts/cm/cmr9.pfb></usr/local/texli
ve/2015/texmf-dist/fonts/type1/public/amsfonts/cm/cmsl10.pfb></usr/local/texliv
e/2015/texmf-dist/fonts/type1/public/amsfonts/cm/cmsl8.pfb></usr/local/texlive/
2015/texmf-dist/fonts/type1/public/amsfonts/cm/cmsl9.pfb></usr/local/texlive/20
15/texmf-dist/fonts/type1/public/amsfonts/cm/cmss10.pfb></usr/local/texlive/201
5/texmf-dist/fonts/type1/public/amsfonts/cm/cmss12.pfb></usr/local/texlive/2015
/texmf-dist/fonts/type1/public/amsfonts/cm/cmss17.pfb></usr/local/texlive/2015/
texmf-dist/fonts/type1/public/amsfonts/cm/cmss8.pfb></usr/local/texlive/2015/te
xmf-dist/fonts/type1/public/amsfonts/cm/cmssbx10.pfb></usr/local/texlive/2015/t
exmf-dist/fonts/type1/public/amsfonts/cm/cmssi10.pfb></usr/local/texlive/2015/t
exmf-dist/fonts/type1/public/amsfonts/cm/cmssi17.pfb></usr/local/texlive/2015/t
exmf-dist/fonts/type1/public/amsfonts/cm/cmssi8.pfb></usr/local/texlive/2015/te
xmf-dist/fonts/type1/public/amsfonts/cm/cmsy10.pfb></usr/local/texlive/2015/tex
mf-dist/fonts/type1/public/amsfonts/cm/cmsy8.pfb></usr/local/texlive/2015/texmf
-dist/fonts/type1/public/amsfonts/cm/cmti10.pfb></usr/local/texlive/2015/texmf-
dist/fonts/type1/public/amsfonts/cm/cmti8.pfb></usr/local/texlive/2015/texmf-di
st/fonts/type1/public/amsfonts/cm/cmti9.pfb></usr/local/texlive/2015/texmf-dist
/fonts/type1/public/amsfonts/cm/cmtt10.pfb></usr/local/texlive/2015/texmf-dist/
fonts/type1/public/amsfonts/cm/cmtt9.pfb></usr/local/texlive/2015/texmf-dist/fo
nts/type1/public/amsfonts/latxfont/lasyb10.pfb>
Output written on "Guide de l'utilisateur de EjsS.pdf" (39 pages, 2119637 bytes
).
PDF statistics:
 329 PDF objects out of 1000 (max. 8388607)
 180 compressed objects within 2 object streams
 0 named destinations out of 1000 (max. 500000)
 206 words of extra memory for PDF output out of 10000 (max. 10000000)

